[0mGET / [32m200[0m 271.728 ms - 6365[0m
[0mGET /favicon.ico [33m404[0m 7.396 ms - 150[0m
[0mGET / [32m200[0m 141.368 ms - 6365[0m
[0mGET / [36m304[0m 68.753 ms - -[0m
[0mGET /users/sign-up [32m200[0m 18.377 ms - 4294[0m
[0mGET / [36m304[0m 74.949 ms - -[0m
[0mGET / [36m304[0m 52.219 ms - -[0m
[0mGET / [36m304[0m 110.968 ms - -[0m
[0mGET / [36m304[0m 53.457 ms - -[0m
[0mPOST /users/create-session [36m302[0m 56.556 ms - 46[0m
[0mGET / [32m200[0m 168.083 ms - 141381[0m
[0mGET / [32m200[0m 82.726 ms - 141025[0m
[0mGET / [36m304[0m 117.253 ms - -[0m
[0mGET / [36m304[0m 67.040 ms - -[0m
[0mGET /users/sign-out [36m302[0m 12.940 ms - 46[0m
[0mGET / [32m200[0m 36.398 ms - 6721[0m
[0mGET / [0m-[0m - ms - -[0m
[0mGET / [32m200[0m 86.638 ms - 6365[0m
[0mGET / [36m304[0m 46.603 ms - -[0m
[0mGET / [36m304[0m 82.482 ms - -[0m
[0mGET / [36m304[0m 55.637 ms - -[0m
[0mGET / [36m304[0m 65.324 ms - -[0m
[0mGET / [36m304[0m 86.341 ms - -[0m
[0mGET / [36m304[0m 101.992 ms - -[0m
[0mGET / [36m304[0m 72.467 ms - -[0m
[0mGET / [36m304[0m 50.506 ms - -[0m
[0mGET / [36m304[0m 72.047 ms - -[0m
[0mGET / [36m304[0m 47.212 ms - -[0m
[0mGET / [36m304[0m 52.430 ms - -[0m
[0mGET / [36m304[0m 54.465 ms - -[0m
[0mGET / [36m304[0m 108.477 ms - -[0m
